2025-03-31 20:44:27,580 INFO: Math Modeling server startup [in /home/makodev58/DataEngg/Projects/math-modelling/math-modeling/src/server.py:48]
2025-03-31 20:44:27,582 INFO: Starting Flask development server. [in /home/makodev58/DataEngg/Projects/math-modelling/math-modeling/src/server.py:148]
2025-03-31 20:44:27,774 INFO: Math Modeling server startup [in /home/makodev58/DataEngg/Projects/math-modelling/math-modeling/src/server.py:48]
2025-03-31 20:44:27,775 INFO: Starting Flask development server. [in /home/makodev58/DataEngg/Projects/math-modelling/math-modeling/src/server.py:148]
2025-03-31 20:44:32,895 INFO: Request received for root '/', serving index.html [in /home/makodev58/DataEngg/Projects/math-modelling/math-modeling/src/server.py:138]
2025-03-31 20:44:33,032 INFO: Request received for /api/question-sets. Data folder: /home/makodev58/DataEngg/Projects/math-modelling/math-modeling/src/../data [in /home/makodev58/DataEngg/Projects/math-modelling/math-modeling/src/server.py:55]
2025-03-31 20:44:33,032 INFO: Found question sets: ['questions.json'] [in /home/makodev58/DataEngg/Projects/math-modelling/math-modeling/src/server.py:61]
2025-03-31 20:44:33,054 INFO: Request received for /api/question-set/questions.json [in /home/makodev58/DataEngg/Projects/math-modelling/math-modeling/src/server.py:70]
2025-03-31 20:44:33,054 INFO: Successfully loaded data from questions.json [in /home/makodev58/DataEngg/Projects/math-modelling/math-modeling/src/server.py:83]
2025-03-31 20:44:33,066 INFO: Request received for /api/solve [in /home/makodev58/DataEngg/Projects/math-modelling/math-modeling/src/server.py:98]
2025-03-31 20:44:33,066 INFO: Attempting to solve question: A mango is 215 grams. A papaya is 185 grams heavie... [in /home/makodev58/DataEngg/Projects/math-modelling/math-modeling/src/server.py:105]
2025-03-31 20:44:33,068 INFO: Successfully solved question. Results: {'mango': 215.0, 'papaya': 400.0, 'grapefruit': 246.0} [in /home/makodev58/DataEngg/Projects/math-modelling/math-modeling/src/server.py:109]
2025-03-31 20:44:33,078 INFO: Request received for /api/visualization-data [in /home/makodev58/DataEngg/Projects/math-modelling/math-modeling/src/server.py:118]
2025-03-31 20:44:33,078 INFO: Generating visualization data... [in /home/makodev58/DataEngg/Projects/math-modelling/math-modeling/src/server.py:124]
2025-03-31 20:44:33,079 INFO: Successfully generated visualization data. [in /home/makodev58/DataEngg/Projects/math-modelling/math-modeling/src/server.py:127]
2025-03-31 20:44:41,040 INFO: Request received for /api/solve [in /home/makodev58/DataEngg/Projects/math-modelling/math-modeling/src/server.py:98]
2025-03-31 20:44:41,041 INFO: Attempting to solve question: A watermelon weighs 1500 grams. An orange weighs 1... [in /home/makodev58/DataEngg/Projects/math-modelling/math-modeling/src/server.py:105]
2025-03-31 20:44:41,042 INFO: Successfully solved question. Results: {'orange': 150.0, 'watermelon': 1500.0, 'banana': 75.0, 'basket': 3825.0} [in /home/makodev58/DataEngg/Projects/math-modelling/math-modeling/src/server.py:109]
2025-03-31 20:44:41,057 INFO: Request received for /api/visualization-data [in /home/makodev58/DataEngg/Projects/math-modelling/math-modeling/src/server.py:118]
2025-03-31 20:44:41,057 INFO: Generating visualization data... [in /home/makodev58/DataEngg/Projects/math-modelling/math-modeling/src/server.py:124]
2025-03-31 20:44:41,057 INFO: Successfully generated visualization data. [in /home/makodev58/DataEngg/Projects/math-modelling/math-modeling/src/server.py:127]
2025-03-31 20:44:48,357 INFO: Request received for /api/solve [in /home/makodev58/DataEngg/Projects/math-modelling/math-modeling/src/server.py:98]
2025-03-31 20:44:48,357 INFO: Attempting to solve question: Tom and Jerry likes to collect stamps. Tom has 46 ... [in /home/makodev58/DataEngg/Projects/math-modelling/math-modeling/src/server.py:105]
2025-03-31 20:44:48,358 INFO: Successfully solved question. Results: {'jerry': 29.0, 'tom_final': 49.0, 'tom_initial': 46.0, 'tom_bought': 3.0} [in /home/makodev58/DataEngg/Projects/math-modelling/math-modeling/src/server.py:109]
2025-03-31 20:44:48,371 INFO: Request received for /api/visualization-data [in /home/makodev58/DataEngg/Projects/math-modelling/math-modeling/src/server.py:118]
2025-03-31 20:44:48,371 INFO: Generating visualization data... [in /home/makodev58/DataEngg/Projects/math-modelling/math-modeling/src/server.py:124]
2025-03-31 20:44:48,372 INFO: Successfully generated visualization data. [in /home/makodev58/DataEngg/Projects/math-modelling/math-modeling/src/server.py:127]
2025-03-31 20:44:52,134 INFO: Request received for /api/solve [in /home/makodev58/DataEngg/Projects/math-modelling/math-modeling/src/server.py:98]
2025-03-31 20:44:52,134 INFO: Attempting to solve question: Tom and Jerry likes to collect stamps. Jerry has 2... [in /home/makodev58/DataEngg/Projects/math-modelling/math-modeling/src/server.py:105]
2025-03-31 20:44:52,135 INFO: Successfully solved question. Results: {'difference': 20.0, 'jerry': 29.0, 'tom': 49.0} [in /home/makodev58/DataEngg/Projects/math-modelling/math-modeling/src/server.py:109]
2025-03-31 20:44:52,142 INFO: Request received for /api/visualization-data [in /home/makodev58/DataEngg/Projects/math-modelling/math-modeling/src/server.py:118]
2025-03-31 20:44:52,143 INFO: Generating visualization data... [in /home/makodev58/DataEngg/Projects/math-modelling/math-modeling/src/server.py:124]
2025-03-31 20:44:52,143 INFO: Successfully generated visualization data. [in /home/makodev58/DataEngg/Projects/math-modelling/math-modeling/src/server.py:127]
2025-03-31 20:44:54,940 INFO: Request received for /api/solve [in /home/makodev58/DataEngg/Projects/math-modelling/math-modeling/src/server.py:98]
2025-03-31 20:44:54,940 INFO: Attempting to solve question: Tom and Jerry likes to collect stamps. Tom has 49 ... [in /home/makodev58/DataEngg/Projects/math-modelling/math-modeling/src/server.py:105]
2025-03-31 20:44:54,942 INFO: Successfully solved question. Results: {'tom_gives': 10.0, 'tom_initial': 49.0, 'jerry_initial': 29.0, 'tom_final': 39.0, 'jerry_final': 39.0, 'final_difference': 0.0} [in /home/makodev58/DataEngg/Projects/math-modelling/math-modeling/src/server.py:109]
2025-03-31 20:44:54,953 INFO: Request received for /api/visualization-data [in /home/makodev58/DataEngg/Projects/math-modelling/math-modeling/src/server.py:118]
2025-03-31 20:44:54,954 INFO: Generating visualization data... [in /home/makodev58/DataEngg/Projects/math-modelling/math-modeling/src/server.py:124]
2025-03-31 20:44:54,954 INFO: Successfully generated visualization data. [in /home/makodev58/DataEngg/Projects/math-modelling/math-modeling/src/server.py:127]
2025-03-31 20:44:59,419 INFO: Request received for /api/solve [in /home/makodev58/DataEngg/Projects/math-modelling/math-modeling/src/server.py:98]
2025-03-31 20:44:59,420 INFO: Attempting to solve question: Tom and Jerry likes to collect stamps. Jerry has 2... [in /home/makodev58/DataEngg/Projects/math-modelling/math-modeling/src/server.py:105]
2025-03-31 20:44:59,421 INFO: Successfully solved question. Results: {'difference': 20.0, 'jerry': 29.0, 'tom_bought': 3.0, 'tom_final': 49.0, 'tom_initial': 46.0} [in /home/makodev58/DataEngg/Projects/math-modelling/math-modeling/src/server.py:109]
2025-03-31 20:44:59,435 INFO: Request received for /api/visualization-data [in /home/makodev58/DataEngg/Projects/math-modelling/math-modeling/src/server.py:118]
2025-03-31 20:44:59,436 INFO: Generating visualization data... [in /home/makodev58/DataEngg/Projects/math-modelling/math-modeling/src/server.py:124]
2025-03-31 20:44:59,436 INFO: Successfully generated visualization data. [in /home/makodev58/DataEngg/Projects/math-modelling/math-modeling/src/server.py:127]
2025-03-31 20:45:08,982 INFO: Request received for /api/solve [in /home/makodev58/DataEngg/Projects/math-modelling/math-modeling/src/server.py:98]
2025-03-31 20:45:08,982 INFO: Attempting to solve question: Tom and Jerry likes to collect stamps. Tom has 20 ... [in /home/makodev58/DataEngg/Projects/math-modelling/math-modeling/src/server.py:105]
2025-03-31 20:45:08,983 INFO: Successfully solved question. Results: {'difference': 20.0, 'tom': 49.0, 'jerry': 29.0} [in /home/makodev58/DataEngg/Projects/math-modelling/math-modeling/src/server.py:109]
2025-03-31 20:45:08,991 INFO: Request received for /api/visualization-data [in /home/makodev58/DataEngg/Projects/math-modelling/math-modeling/src/server.py:118]
2025-03-31 20:45:08,992 INFO: Generating visualization data... [in /home/makodev58/DataEngg/Projects/math-modelling/math-modeling/src/server.py:124]
2025-03-31 20:45:08,992 INFO: Successfully generated visualization data. [in /home/makodev58/DataEngg/Projects/math-modelling/math-modeling/src/server.py:127]
2025-03-31 20:45:36,521 INFO: Request received for /api/solve [in /home/makodev58/DataEngg/Projects/math-modelling/math-modeling/src/server.py:98]
2025-03-31 20:45:36,521 INFO: Attempting to solve question: Tom and Jerry likes to collect stamps. Tom has 46 ... [in /home/makodev58/DataEngg/Projects/math-modelling/math-modeling/src/server.py:105]
2025-03-31 20:45:36,522 INFO: Successfully solved question. Results: {'jerry': 29.0, 'tom_final': 49.0, 'tom_initial': 46.0, 'tom_bought': 3.0} [in /home/makodev58/DataEngg/Projects/math-modelling/math-modeling/src/server.py:109]
2025-03-31 20:45:36,536 INFO: Request received for /api/visualization-data [in /home/makodev58/DataEngg/Projects/math-modelling/math-modeling/src/server.py:118]
2025-03-31 20:45:36,536 INFO: Generating visualization data... [in /home/makodev58/DataEngg/Projects/math-modelling/math-modeling/src/server.py:124]
2025-03-31 20:45:36,536 INFO: Successfully generated visualization data. [in /home/makodev58/DataEngg/Projects/math-modelling/math-modeling/src/server.py:127]
2025-03-31 20:45:39,418 INFO: Request received for /api/solve [in /home/makodev58/DataEngg/Projects/math-modelling/math-modeling/src/server.py:98]
2025-03-31 20:45:39,418 INFO: Attempting to solve question: A watermelon weighs 1500 grams. An orange weighs 1... [in /home/makodev58/DataEngg/Projects/math-modelling/math-modeling/src/server.py:105]
2025-03-31 20:45:39,419 INFO: Successfully solved question. Results: {'orange': 150.0, 'watermelon': 1500.0, 'banana': 75.0, 'basket': 3825.0} [in /home/makodev58/DataEngg/Projects/math-modelling/math-modeling/src/server.py:109]
2025-03-31 20:45:39,426 INFO: Request received for /api/visualization-data [in /home/makodev58/DataEngg/Projects/math-modelling/math-modeling/src/server.py:118]
2025-03-31 20:45:39,426 INFO: Generating visualization data... [in /home/makodev58/DataEngg/Projects/math-modelling/math-modeling/src/server.py:124]
2025-03-31 20:45:39,427 INFO: Successfully generated visualization data. [in /home/makodev58/DataEngg/Projects/math-modelling/math-modeling/src/server.py:127]
2025-03-31 20:45:46,115 INFO: Request received for /api/solve [in /home/makodev58/DataEngg/Projects/math-modelling/math-modeling/src/server.py:98]
2025-03-31 20:45:46,116 INFO: Attempting to solve question: Tom and Jerry likes to collect stamps. Jerry has 2... [in /home/makodev58/DataEngg/Projects/math-modelling/math-modeling/src/server.py:105]
2025-03-31 20:45:46,116 INFO: Successfully solved question. Results: {'jerry_initial': 29.0, 'tom': 46.0, 'jerry_needs': 17.0} [in /home/makodev58/DataEngg/Projects/math-modelling/math-modeling/src/server.py:109]
2025-03-31 20:45:46,123 INFO: Request received for /api/visualization-data [in /home/makodev58/DataEngg/Projects/math-modelling/math-modeling/src/server.py:118]
2025-03-31 20:45:46,124 INFO: Generating visualization data... [in /home/makodev58/DataEngg/Projects/math-modelling/math-modeling/src/server.py:124]
2025-03-31 20:45:46,124 INFO: Successfully generated visualization data. [in /home/makodev58/DataEngg/Projects/math-modelling/math-modeling/src/server.py:127]
2025-03-31 20:45:57,401 INFO: Request received for /api/solve [in /home/makodev58/DataEngg/Projects/math-modelling/math-modeling/src/server.py:98]
2025-03-31 20:45:57,401 INFO: Attempting to solve question: A mango is 215 grams. A papaya is 185 grams heavie... [in /home/makodev58/DataEngg/Projects/math-modelling/math-modeling/src/server.py:105]
2025-03-31 20:45:57,439 INFO: Successfully solved question. Results: {'mango': 215.0, 'papaya': 400.0, 'grapefruit': 246.0} [in /home/makodev58/DataEngg/Projects/math-modelling/math-modeling/src/server.py:109]
2025-03-31 20:45:57,447 INFO: Request received for /api/visualization-data [in /home/makodev58/DataEngg/Projects/math-modelling/math-modeling/src/server.py:118]
2025-03-31 20:45:57,447 INFO: Generating visualization data... [in /home/makodev58/DataEngg/Projects/math-modelling/math-modeling/src/server.py:124]
2025-03-31 20:45:57,447 INFO: Successfully generated visualization data. [in /home/makodev58/DataEngg/Projects/math-modelling/math-modeling/src/server.py:127]
2025-03-31 20:46:24,523 INFO: Request received for /api/solve [in /home/makodev58/DataEngg/Projects/math-modelling/math-modeling/src/server.py:98]
2025-03-31 20:46:24,524 INFO: Attempting to solve question: A watermelon weighs 1500 grams. An orange weighs 1... [in /home/makodev58/DataEngg/Projects/math-modelling/math-modeling/src/server.py:105]
2025-03-31 20:46:24,524 INFO: Successfully solved question. Results: {'orange': 150.0, 'watermelon': 1500.0, 'banana': 75.0, 'basket': 3825.0} [in /home/makodev58/DataEngg/Projects/math-modelling/math-modeling/src/server.py:109]
2025-03-31 20:46:24,532 INFO: Request received for /api/visualization-data [in /home/makodev58/DataEngg/Projects/math-modelling/math-modeling/src/server.py:118]
2025-03-31 20:46:24,533 INFO: Generating visualization data... [in /home/makodev58/DataEngg/Projects/math-modelling/math-modeling/src/server.py:124]
2025-03-31 20:46:24,533 INFO: Successfully generated visualization data. [in /home/makodev58/DataEngg/Projects/math-modelling/math-modeling/src/server.py:127]
2025-03-31 21:02:32,080 INFO: Math Modeling server startup [in /home/makodev58/DataEngg/Projects/math-modelling/math-modeling/src/server.py:48]
2025-03-31 21:02:32,082 INFO: Starting Flask development server. [in /home/makodev58/DataEngg/Projects/math-modelling/math-modeling/src/server.py:148]
2025-03-31 21:02:59,624 INFO: Math Modeling server startup [in /home/makodev58/DataEngg/Projects/math-modelling/math-modeling/src/server.py:48]
2025-03-31 21:02:59,625 INFO: Starting Flask development server. [in /home/makodev58/DataEngg/Projects/math-modelling/math-modeling/src/server.py:148]
2025-03-31 21:08:00,123 INFO: Request received for root '/', serving index.html [in /home/makodev58/DataEngg/Projects/math-modelling/math-modeling/src/server.py:138]
2025-03-31 21:08:00,222 INFO: Request received for /api/question-sets. Data folder: /home/makodev58/DataEngg/Projects/math-modelling/math-modeling/src/../data [in /home/makodev58/DataEngg/Projects/math-modelling/math-modeling/src/server.py:55]
2025-03-31 21:08:00,223 INFO: Found question sets: ['questions.json'] [in /home/makodev58/DataEngg/Projects/math-modelling/math-modeling/src/server.py:61]
2025-03-31 21:08:00,242 INFO: Request received for /api/question-set/questions.json [in /home/makodev58/DataEngg/Projects/math-modelling/math-modeling/src/server.py:70]
2025-03-31 21:08:00,243 INFO: Successfully loaded data from questions.json [in /home/makodev58/DataEngg/Projects/math-modelling/math-modeling/src/server.py:83]
2025-03-31 21:08:00,252 INFO: Request received for /api/solve [in /home/makodev58/DataEngg/Projects/math-modelling/math-modeling/src/server.py:98]
2025-03-31 21:08:00,253 INFO: Attempting to solve question: A mango is 215 grams. A papaya is 185 grams heavie... [in /home/makodev58/DataEngg/Projects/math-modelling/math-modeling/src/server.py:105]
2025-03-31 21:08:00,254 INFO: Successfully solved question. Results: {'mango': 215.0, 'papaya': 400.0, 'grapefruit': 246.0} [in /home/makodev58/DataEngg/Projects/math-modelling/math-modeling/src/server.py:109]
2025-03-31 21:08:00,263 INFO: Request received for /api/visualization-data [in /home/makodev58/DataEngg/Projects/math-modelling/math-modeling/src/server.py:118]
2025-03-31 21:08:00,264 INFO: Generating visualization data... [in /home/makodev58/DataEngg/Projects/math-modelling/math-modeling/src/server.py:124]
2025-03-31 21:08:00,268 INFO: Successfully generated visualization data. [in /home/makodev58/DataEngg/Projects/math-modelling/math-modeling/src/server.py:127]
2025-03-31 21:08:13,533 INFO: Request received for /api/solve [in /home/makodev58/DataEngg/Projects/math-modelling/math-modeling/src/server.py:98]
2025-03-31 21:08:13,534 INFO: Attempting to solve question: A watermelon weighs 1500 grams. An orange weighs 1... [in /home/makodev58/DataEngg/Projects/math-modelling/math-modeling/src/server.py:105]
2025-03-31 21:08:13,535 INFO: Successfully solved question. Results: {'orange': 150.0, 'watermelon': 1500.0, 'banana': 75.0, 'basket': 3825.0} [in /home/makodev58/DataEngg/Projects/math-modelling/math-modeling/src/server.py:109]
2025-03-31 21:08:13,543 INFO: Request received for /api/visualization-data [in /home/makodev58/DataEngg/Projects/math-modelling/math-modeling/src/server.py:118]
2025-03-31 21:08:13,543 INFO: Generating visualization data... [in /home/makodev58/DataEngg/Projects/math-modelling/math-modeling/src/server.py:124]
2025-03-31 21:08:13,544 INFO: Successfully generated visualization data. [in /home/makodev58/DataEngg/Projects/math-modelling/math-modeling/src/server.py:127]
2025-03-31 21:08:25,412 INFO: Request received for /api/solve [in /home/makodev58/DataEngg/Projects/math-modelling/math-modeling/src/server.py:98]
2025-03-31 21:08:25,413 INFO: Attempting to solve question: Tom and Jerry likes to collect stamps. Tom has 46 ... [in /home/makodev58/DataEngg/Projects/math-modelling/math-modeling/src/server.py:105]
2025-03-31 21:08:25,413 INFO: Successfully solved question. Results: {'jerry': 29.0, 'tom_final': 49.0, 'tom_initial': 46.0, 'tom_bought': 3.0} [in /home/makodev58/DataEngg/Projects/math-modelling/math-modeling/src/server.py:109]
2025-03-31 21:08:25,420 INFO: Request received for /api/visualization-data [in /home/makodev58/DataEngg/Projects/math-modelling/math-modeling/src/server.py:118]
2025-03-31 21:08:25,420 INFO: Generating visualization data... [in /home/makodev58/DataEngg/Projects/math-modelling/math-modeling/src/server.py:124]
2025-03-31 21:08:25,421 INFO: Successfully generated visualization data. [in /home/makodev58/DataEngg/Projects/math-modelling/math-modeling/src/server.py:127]
